<?xml version="1.0" encoding="UTF-8"?>
<testsuite name="com.oscar.springboot.controllers.utils.ParameterValidatorTest" tests="7" skipped="0" failures="0" errors="0" timestamp="2017-06-14T02:19:29" hostname="Oscar.local" time="0.015">
  <properties/>
  <testcase name="testInvalidCustomerId" classname="com.oscar.springboot.controllers.utils.ParameterValidatorTest" time="0.003"/>
  <testcase name="testInvalidContactPerson" classname="com.oscar.springboot.controllers.utils.ParameterValidatorTest" time="0.001"/>
  <testcase name="testInvalidCustomerName" classname="com.oscar.springboot.controllers.utils.ParameterValidatorTest" time="0.002"/>
  <testcase name="testInvalidPhoneNumber" classname="com.oscar.springboot.controllers.utils.ParameterValidatorTest" time="0.001"/>
  <testcase name="testInvalidEmail" classname="com.oscar.springboot.controllers.utils.ParameterValidatorTest" time="0.001"/>
  <testcase name="testNullCustomer" classname="com.oscar.springboot.controllers.utils.ParameterValidatorTest" time="0.0"/>
  <testcase name="testValidCustomer" classname="com.oscar.springboot.controllers.utils.ParameterValidatorTest" time="0.003"/>
  <system-out><![CDATA[]]></system-out>
  <system-err><![CDATA[]]></system-err>
</testsuite>
